<?xml version="1.0" encoding="UTF-8" ?>
<testsuite tests="3" failures="0" name="de.roeer.epost.tests.tests.sortingtest.SortedArraysCollectorTest" time="0.04" errors="0" skipped="0">
  <properties>
    <property name="java.runtime.name" value="Java(TM) SE Runtime Environment"/>
    <property name="sun.boot.library.path" value="/usr/lib/jvm/oracle_jdk8/jre/lib/i386"/>
    <property name="java.vm.version" value="25.131-b11"/>
    <property name="java.vm.vendor" value="Oracle Corporation"/>
    <property name="maven.multiModuleProjectDirectory" value="/home/malte/workspace/tests"/>
    <property name="java.vendor.url" value="http://java.oracle.com/"/>
    <property name="path.separator" value=":"/>
    <property name="guice.disable.misplaced.annotation.check" value="true"/>
    <property name="java.vm.name" value="Java HotSpot(TM) Server VM"/>
    <property name="file.encoding.pkg" value="sun.io"/>
    <property name="user.country" value="DE"/>
    <property name="sun.java.launcher" value="SUN_STANDARD"/>
    <property name="sun.os.patch.level" value="unknown"/>
    <property name="java.vm.specification.name" value="Java Virtual Machine Specification"/>
    <property name="user.dir" value="/home/malte/workspace/tests"/>
    <property name="java.runtime.version" value="1.8.0_131-b11"/>
    <property name="java.awt.graphicsenv" value="sun.awt.X11GraphicsEnvironment"/>
    <property name="java.endorsed.dirs" value="/usr/lib/jvm/oracle_jdk8/jre/lib/endorsed"/>
    <property name="os.arch" value="i386"/>
    <property name="java.io.tmpdir" value="/tmp"/>
    <property name="line.separator" value="
"/>
    <property name="java.vm.specification.vendor" value="Oracle Corporation"/>
    <property name="os.name" value="Linux"/>
    <property name="classworlds.conf" value="/home/malte/workspace/.metadata/.plugins/org.eclipse.m2e.launching/launches/m2conf3688590314457662298.tmp"/>
    <property name="sun.jnu.encoding" value="UTF-8"/>
    <property name="java.library.path" value="/usr/lib/jvm/oracle_jdk8/jre/lib/i386/server:/usr/lib/jvm/oracle_jdk8/jre/lib/i386:/usr/lib/jvm/oracle_jdk8/jre/../lib/i386:/usr/lib/jvm/oracle_jdk8/jre/lib/i386/client:/usr/lib/jvm/oracle_jdk8/jre/lib/i386::/usr/java/packages/lib/i386:/lib:/usr/lib"/>
    <property name="java.specification.name" value="Java Platform API Specification"/>
    <property name="java.class.version" value="52.0"/>
    <property name="sun.management.compiler" value="HotSpot Tiered Compilers"/>
    <property name="os.version" value="3.13.0-59-generic"/>
    <property name="user.home" value="/home/malte"/>
    <property name="user.timezone" value="Europe/Berlin"/>
    <property name="java.awt.printerjob" value="sun.print.PSPrinterJob"/>
    <property name="file.encoding" value="UTF-8"/>
    <property name="java.specification.version" value="1.8"/>
    <property name="user.name" value="malte"/>
    <property name="java.class.path" value="/home/malte/eclipse/plugins/org.eclipse.m2e.maven.runtime_1.7.0.20160603-1931/jars/plexus-classworlds-2.5.2.jar"/>
    <property name="java.vm.specification.version" value="1.8"/>
    <property name="sun.arch.data.model" value="32"/>
    <property name="java.home" value="/usr/lib/jvm/oracle_jdk8/jre"/>
    <property name="sun.java.command" value="org.codehaus.plexus.classworlds.launcher.Launcher -B clean install"/>
    <property name="java.specification.vendor" value="Oracle Corporation"/>
    <property name="user.language" value="de"/>
    <property name="awt.toolkit" value="sun.awt.X11.XToolkit"/>
    <property name="java.vm.info" value="mixed mode"/>
    <property name="java.version" value="1.8.0_131"/>
    <property name="java.ext.dirs" value="/usr/lib/jvm/oracle_jdk8/jre/lib/ext:/usr/java/packages/lib/ext"/>
    <property name="securerandom.source" value="file:/dev/./urandom"/>
    <property name="sun.boot.class.path" value="/usr/lib/jvm/oracle_jdk8/jre/lib/resources.jar:/usr/lib/jvm/oracle_jdk8/jre/lib/rt.jar:/usr/lib/jvm/oracle_jdk8/jre/lib/sunrsasign.jar:/usr/lib/jvm/oracle_jdk8/jre/lib/jsse.jar:/usr/lib/jvm/oracle_jdk8/jre/lib/jce.jar:/usr/lib/jvm/oracle_jdk8/jre/lib/charsets.jar:/usr/lib/jvm/oracle_jdk8/jre/lib/jfr.jar:/usr/lib/jvm/oracle_jdk8/jre/classes"/>
    <property name="java.vendor" value="Oracle Corporation"/>
    <property name="maven.home" value="/home/malte/workspace/tests/EMBEDDED"/>
    <property name="file.separator" value="/"/>
    <property name="java.vendor.url.bug" value="http://bugreport.sun.com/bugreport/"/>
    <property name="sun.cpu.endian" value="little"/>
    <property name="sun.io.unicode.encoding" value="UnicodeLittle"/>
    <property name="sun.desktop" value="gnome"/>
    <property name="sun.cpu.isalist" value=""/>
  </properties>
  <testcase classname="de.roeer.epost.tests.tests.sortingtest.SortedArraysCollectorTest" name="testFreakCase" time="0.038"/>
  <testcase classname="de.roeer.epost.tests.tests.sortingtest.SortedArraysCollectorTest" name="testSizeOfCollectedSet" time="0.001"/>
  <testcase classname="de.roeer.epost.tests.tests.sortingtest.SortedArraysCollectorTest" name="testContent" time="0.001"/>
</testsuite>